********************************************************************************
DUPLICATOR-LITE PACKAGE-LOG: May 21, 2024 10:17 am
NOTICE: Do NOT post to public sites or forums 
********************************************************************************
VERSION:	1.5.9
WORDPRESS:	6.5.3
PHP INFO:	8.2.15 | SAPI: cgi-fcgi
SERVER:		Apache 
PHP TIME LIMIT: (0) no time limit imposed 
PHP MAX MEMORY: 4294967296 (128M default) 
MEMORY STACK: 34MB

********************************************************************************
DATABASE:
********************************************************************************
BUILD MODE:   MYSQLDUMP
MYSQLTIMEOUT: 5000
MYSQLDUMP:    Is Supported
SQL CREATED: 20240521_ntfg_47345590a92b2ab02088_20240521101751_database.sql
SQL FILE SIZE: 14.34MB (15040639)
SQL FILE TIME: 2024-05-21 10:17:58
SQL RUNTIME: 0.74 sec.

********************************************************************************
ARCHIVE (ZIP):
********************************************************************************
ARCHIVE DIR:  /home/dh_a6u2y7/tfgdaw.dreamhosters.com
ARCHIVE FILE: 20240521_ntfg_47345590a92b2ab02088_20240521101751_archive.zip
FILTERS: *OFF*
DIRS:
	not set
FILES:
	not set
EXTS:  not set
----------------------------------------
COMPRESSING
SIZE:	237.45MB
STATS:	Dirs 2,048 | Files 11,323
SQL ADDED: 20240521_ntfg_47345590a92b2ab02088_20240521101751_database.sql
ZipArchive Object
(
    [lastId] => 13370
    [status] => 0
    [statusSys] => 0
    [numFiles] => 13371
    [filename] => /home/dh_a6u2y7/tfgdaw.dreamhosters.com/wp-content/backups-dup-lite/tmp/20240521_ntfg_47345590a92b2ab02088_20240521101751_archive.zip
    [comment] => 
)

FILE ADDED TO ZIP: 13370
COMPRESSION RESULT: '1'
COMPRESSED SIZE: 94.05MB
ARCHIVE RUNTIME: 13.53 sec.
MEMORY STACK: 36MB
building installer
ARCHIVE CONSISTENCY TEST: PASS

********************************************************************************
INTEGRITY CHECKS:
********************************************************************************
SQL FILE: 14.34MB
INSTALLER FILE: 73.47KB
ARCHIVE FILE: 96.04MB 
EXPECTED FILE/DIRECTORY COUNT: 13,371
ACTUAL FILE/DIRECTORY COUNT: 13,370
ARCHIVE CONSISTENCY TEST: Pass

********************************************************************************
RECORD ID:[1]
TOTAL PROCESS RUNTIME: 15.11 sec.
PEAK PHP MEMORY USED: 40MB
DONE PROCESSING => 20240521_ntfg May 21, 2024 10:18 am

